{"D:\\HACKTIVE BOOTCAMP\\PHASE 2\\WEEK 3\\MoodBite-HCK90\\moodbite-server\\app.js": {"path":"D:\\HACKTIVE BOOTCAMP\\PHASE 2\\WEEK 3\\MoodBite-HCK90\\moodbite-server\\app.js","statementMap":{"0":{"start":{"line":1,"column":0},"end":{"line":3,"column":1}},"1":{"start":{"line":2,"column":2},"end":{"line":2,"column":29}},"2":{"start":{"line":5,"column":16},"end":{"line":5,"column":34}},"3":{"start":{"line":6,"column":13},"end":{"line":6,"column":28}},"4":{"start":{"line":7,"column":12},"end":{"line":7,"column":21}},"5":{"start":{"line":8,"column":15},"end":{"line":8,"column":34}},"6":{"start":{"line":9,"column":21},"end":{"line":9,"column":58}},"7":{"start":{"line":11,"column":0},"end":{"line":11,"column":16}},"8":{"start":{"line":12,"column":0},"end":{"line":12,"column":48}},"9":{"start":{"line":13,"column":0},"end":{"line":13,"column":24}},"10":{"start":{"line":15,"column":0},"end":{"line":15,"column":16}},"11":{"start":{"line":18,"column":0},"end":{"line":50,"column":3}},"12":{"start":{"line":19,"column":2},"end":{"line":19,"column":19}},"13":{"start":{"line":20,"column":15},"end":{"line":20,"column":18}},"14":{"start":{"line":21,"column":16},"end":{"line":21,"column":39}},"15":{"start":{"line":23,"column":2},"end":{"line":47,"column":3}},"16":{"start":{"line":27,"column":4},"end":{"line":27,"column":17}},"17":{"start":{"line":28,"column":4},"end":{"line":28,"column":36}},"18":{"start":{"line":29,"column":9},"end":{"line":47,"column":3}},"19":{"start":{"line":30,"column":4},"end":{"line":30,"column":17}},"20":{"start":{"line":31,"column":4},"end":{"line":31,"column":48}},"21":{"start":{"line":32,"column":9},"end":{"line":47,"column":3}},"22":{"start":{"line":33,"column":4},"end":{"line":33,"column":17}},"23":{"start":{"line":34,"column":4},"end":{"line":34,"column":43}},"24":{"start":{"line":35,"column":9},"end":{"line":47,"column":3}},"25":{"start":{"line":36,"column":4},"end":{"line":36,"column":17}},"26":{"start":{"line":37,"column":4},"end":{"line":37,"column":33}},"27":{"start":{"line":38,"column":9},"end":{"line":47,"column":3}},"28":{"start":{"line":39,"column":4},"end":{"line":39,"column":17}},"29":{"start":{"line":40,"column":4},"end":{"line":40,"column":41}},"30":{"start":{"line":41,"column":9},"end":{"line":47,"column":3}},"31":{"start":{"line":42,"column":4},"end":{"line":42,"column":17}},"32":{"start":{"line":43,"column":4},"end":{"line":43,"column":32}},"33":{"start":{"line":44,"column":9},"end":{"line":47,"column":3}},"34":{"start":{"line":45,"column":4},"end":{"line":45,"column":17}},"35":{"start":{"line":46,"column":4},"end":{"line":46,"column":42}},"36":{"start":{"line":49,"column":2},"end":{"line":49,"column":39}},"37":{"start":{"line":52,"column":0},"end":{"line":52,"column":22}},"38":{"start":{"line":54,"column":0},"end":{"line":54,"column":21}}},"fnMap":{"0":{"name":"(anonymous_0)","decl":{"start":{"line":18,"column":8},"end":{"line":18,"column":9}},"loc":{"start":{"line":18,"column":33},"end":{"line":50,"column":1}},"line":18}},"branchMap":{"0":{"loc":{"start":{"line":1,"column":0},"end":{"line":3,"column":1}},"type":"if","locations":[{"start":{"line":1,"column":0},"end":{"line":3,"column":1}},{"start":{},"end":{}}],"line":1},"1":{"loc":{"start":{"line":23,"column":2},"end":{"line":47,"column":3}},"type":"if","locations":[{"start":{"line":23,"column":2},"end":{"line":47,"column":3}},{"start":{"line":29,"column":9},"end":{"line":47,"column":3}}],"line":23},"2":{"loc":{"start":{"line":24,"column":4},"end":{"line":25,"column":49}},"type":"binary-expr","locations":[{"start":{"line":24,"column":4},"end":{"line":24,"column":43}},{"start":{"line":25,"column":4},"end":{"line":25,"column":49}}],"line":24},"3":{"loc":{"start":{"line":29,"column":9},"end":{"line":47,"column":3}},"type":"if","locations":[{"start":{"line":29,"column":9},"end":{"line":47,"column":3}},{"start":{"line":32,"column":9},"end":{"line":47,"column":3}}],"line":29},"4":{"loc":{"start":{"line":32,"column":9},"end":{"line":47,"column":3}},"type":"if","locations":[{"start":{"line":32,"column":9},"end":{"line":47,"column":3}},{"start":{"line":35,"column":9},"end":{"line":47,"column":3}}],"line":32},"5":{"loc":{"start":{"line":34,"column":14},"end":{"line":34,"column":42}},"type":"binary-expr","locations":[{"start":{"line":34,"column":14},"end":{"line":34,"column":25}},{"start":{"line":34,"column":29},"end":{"line":34,"column":42}}],"line":34},"6":{"loc":{"start":{"line":35,"column":9},"end":{"line":47,"column":3}},"type":"if","locations":[{"start":{"line":35,"column":9},"end":{"line":47,"column":3}},{"start":{"line":38,"column":9},"end":{"line":47,"column":3}}],"line":35},"7":{"loc":{"start":{"line":38,"column":9},"end":{"line":47,"column":3}},"type":"if","locations":[{"start":{"line":38,"column":9},"end":{"line":47,"column":3}},{"start":{"line":41,"column":9},"end":{"line":47,"column":3}}],"line":38},"8":{"loc":{"start":{"line":40,"column":14},"end":{"line":40,"column":40}},"type":"binary-expr","locations":[{"start":{"line":40,"column":14},"end":{"line":40,"column":25}},{"start":{"line":40,"column":29},"end":{"line":40,"column":40}}],"line":40},"9":{"loc":{"start":{"line":41,"column":9},"end":{"line":47,"column":3}},"type":"if","locations":[{"start":{"line":41,"column":9},"end":{"line":47,"column":3}},{"start":{"line":44,"column":9},"end":{"line":47,"column":3}}],"line":41},"10":{"loc":{"start":{"line":44,"column":9},"end":{"line":47,"column":3}},"type":"if","locations":[{"start":{"line":44,"column":9},"end":{"line":47,"column":3}},{"start":{},"end":{}}],"line":44}},"s":{"0":2,"1":2,"2":2,"3":2,"4":2,"5":2,"6":2,"7":2,"8":2,"9":2,"10":2,"11":2,"12":19,"13":19,"14":19,"15":19,"16":2,"17":2,"18":17,"19":1,"20":1,"21":16,"22":4,"23":4,"24":12,"25":1,"26":1,"27":11,"28":2,"29":2,"30":9,"31":7,"32":7,"33":2,"34":2,"35":2,"36":19,"37":2,"38":2},"f":{"0":19},"b":{"0":[2,0],"1":[2,17],"2":[19,18],"3":[1,16],"4":[4,12],"5":[4,0],"6":[1,11],"7":[2,9],"8":[2,0],"9":[7,2],"10":[2,0]},"_coverageSchema":"1a1c01bbd47fc00a2c39e90264f33305004495a9","hash":"9d9a3333d93a87f551107ad580790a0d6efbffdd"}
,"D:\\HACKTIVE BOOTCAMP\\PHASE 2\\WEEK 3\\MoodBite-HCK90\\moodbite-server\\controllers\\aiController.js": {"path":"D:\\HACKTIVE BOOTCAMP\\PHASE 2\\WEEK 3\\MoodBite-HCK90\\moodbite-server\\controllers\\aiController.js","statementMap":{"0":{"start":{"line":1,"column":31},"end":{"line":1,"column":63}},"1":{"start":{"line":2,"column":14},"end":{"line":2,"column":30}},"2":{"start":{"line":6,"column":4},"end":{"line":110,"column":5}},"3":{"start":{"line":7,"column":23},"end":{"line":7,"column":31}},"4":{"start":{"line":8,"column":6},"end":{"line":8,"column":48}},"5":{"start":{"line":8,"column":17},"end":{"line":8,"column":48}},"6":{"start":{"line":11,"column":20},"end":{"line":11,"column":70}},"7":{"start":{"line":12,"column":20},"end":{"line":12,"column":75}},"8":{"start":{"line":14,"column":21},"end":{"line":19,"column":7}},"9":{"start":{"line":21,"column":21},"end":{"line":21,"column":56}},"10":{"start":{"line":22,"column":27},"end":{"line":26,"column":15}},"11":{"start":{"line":27,"column":32},"end":{"line":27,"column":56}},"12":{"start":{"line":30,"column":29},"end":{"line":99,"column":8}},"13":{"start":{"line":32,"column":23},"end":{"line":32,"column":67}},"14":{"start":{"line":33,"column":8},"end":{"line":49,"column":9}},"15":{"start":{"line":34,"column":30},"end":{"line":43,"column":11}},"16":{"start":{"line":44,"column":10},"end":{"line":46,"column":11}},"17":{"start":{"line":45,"column":12},"end":{"line":45,"column":64}},"18":{"start":{"line":48,"column":10},"end":{"line":48,"column":54}},"19":{"start":{"line":52,"column":24},"end":{"line":57,"column":9}},"20":{"start":{"line":58,"column":8},"end":{"line":89,"column":9}},"21":{"start":{"line":59,"column":27},"end":{"line":69,"column":11}},"22":{"start":{"line":71,"column":28},"end":{"line":71,"column":52}},"23":{"start":{"line":72,"column":10},"end":{"line":86,"column":11}},"24":{"start":{"line":73,"column":12},"end":{"line":85,"column":14}},"25":{"start":{"line":75,"column":58},"end":{"line":75,"column":79}},"26":{"start":{"line":78,"column":58},"end":{"line":78,"column":78}},"27":{"start":{"line":82,"column":25},"end":{"line":82,"column":67}},"28":{"start":{"line":88,"column":10},"end":{"line":88,"column":57}},"29":{"start":{"line":92,"column":8},"end":{"line":98,"column":10}},"30":{"start":{"line":101,"column":27},"end":{"line":101,"column":60}},"31":{"start":{"line":103,"column":6},"end":{"line":106,"column":9}},"32":{"start":{"line":108,"column":6},"end":{"line":108,"column":25}},"33":{"start":{"line":109,"column":6},"end":{"line":109,"column":18}},"34":{"start":{"line":114,"column":0},"end":{"line":114,"column":30}}},"fnMap":{"0":{"name":"(anonymous_0)","decl":{"start":{"line":5,"column":2},"end":{"line":5,"column":3}},"loc":{"start":{"line":5,"column":49},"end":{"line":111,"column":3}},"line":5},"1":{"name":"(anonymous_1)","decl":{"start":{"line":30,"column":51},"end":{"line":30,"column":52}},"loc":{"start":{"line":30,"column":67},"end":{"line":99,"column":7}},"line":30},"2":{"name":"(anonymous_2)","decl":{"start":{"line":75,"column":51},"end":{"line":75,"column":52}},"loc":{"start":{"line":75,"column":58},"end":{"line":75,"column":79}},"line":75},"3":{"name":"(anonymous_3)","decl":{"start":{"line":78,"column":51},"end":{"line":78,"column":52}},"loc":{"start":{"line":78,"column":58},"end":{"line":78,"column":78}},"line":78},"4":{"name":"(anonymous_4)","decl":{"start":{"line":82,"column":18},"end":{"line":82,"column":19}},"loc":{"start":{"line":82,"column":25},"end":{"line":82,"column":67}},"line":82}},"branchMap":{"0":{"loc":{"start":{"line":8,"column":6},"end":{"line":8,"column":48}},"type":"if","locations":[{"start":{"line":8,"column":6},"end":{"line":8,"column":48}},{"start":{},"end":{}}],"line":8},"1":{"loc":{"start":{"line":44,"column":10},"end":{"line":46,"column":11}},"type":"if","locations":[{"start":{"line":44,"column":10},"end":{"line":46,"column":11}},{"start":{},"end":{}}],"line":44},"2":{"loc":{"start":{"line":72,"column":10},"end":{"line":86,"column":11}},"type":"if","locations":[{"start":{"line":72,"column":10},"end":{"line":86,"column":11}},{"start":{},"end":{}}],"line":72},"3":{"loc":{"start":{"line":82,"column":25},"end":{"line":82,"column":67}},"type":"binary-expr","locations":[{"start":{"line":82,"column":25},"end":{"line":82,"column":41}},{"start":{"line":82,"column":45},"end":{"line":82,"column":67}}],"line":82},"4":{"loc":{"start":{"line":84,"column":30},"end":{"line":84,"column":60}},"type":"binary-expr","locations":[{"start":{"line":84,"column":30},"end":{"line":84,"column":54}},{"start":{"line":84,"column":58},"end":{"line":84,"column":60}}],"line":84}},"s":{"0":2,"1":2,"2":2,"3":2,"4":2,"5":1,"6":1,"7":1,"8":1,"9":1,"10":1,"11":1,"12":1,"13":1,"14":1,"15":1,"16":1,"17":1,"18":0,"19":1,"20":1,"21":1,"22":1,"23":1,"24":1,"25":1,"26":1,"27":1,"28":0,"29":1,"30":1,"31":1,"32":1,"33":1,"34":2},"f":{"0":2,"1":1,"2":1,"3":1,"4":1},"b":{"0":[1,1],"1":[1,0],"2":[1,0],"3":[1,1],"4":[1,0]},"_coverageSchema":"1a1c01bbd47fc00a2c39e90264f33305004495a9","hash":"4cbbc42282abbd1fcee439caaef100227f3225b1"}
,"D:\\HACKTIVE BOOTCAMP\\PHASE 2\\WEEK 3\\MoodBite-HCK90\\moodbite-server\\controllers\\recipeController.js": {"path":"D:\\HACKTIVE BOOTCAMP\\PHASE 2\\WEEK 3\\MoodBite-HCK90\\moodbite-server\\controllers\\recipeController.js","statementMap":{"0":{"start":{"line":1,"column":19},"end":{"line":1,"column":39}},"1":{"start":{"line":6,"column":4},"end":{"line":49,"column":5}},"2":{"start":{"line":18,"column":10},"end":{"line":18,"column":18}},"3":{"start":{"line":20,"column":6},"end":{"line":22,"column":7}},"4":{"start":{"line":21,"column":8},"end":{"line":21,"column":74}},"5":{"start":{"line":24,"column":24},"end":{"line":41,"column":8}},"6":{"start":{"line":43,"column":6},"end":{"line":46,"column":9}},"7":{"start":{"line":48,"column":6},"end":{"line":48,"column":18}},"8":{"start":{"line":54,"column":4},"end":{"line":79,"column":5}},"9":{"start":{"line":55,"column":22},"end":{"line":58,"column":8}},"10":{"start":{"line":60,"column":31},"end":{"line":74,"column":8}},"11":{"start":{"line":61,"column":32},"end":{"line":61,"column":46}},"12":{"start":{"line":62,"column":33},"end":{"line":62,"column":48}},"13":{"start":{"line":63,"column":8},"end":{"line":68,"column":9}},"14":{"start":{"line":64,"column":10},"end":{"line":64,"column":57}},"15":{"start":{"line":65,"column":10},"end":{"line":65,"column":59}},"16":{"start":{"line":69,"column":8},"end":{"line":73,"column":10}},"17":{"start":{"line":76,"column":6},"end":{"line":76,"column":45}},"18":{"start":{"line":78,"column":6},"end":{"line":78,"column":18}},"19":{"start":{"line":84,"column":4},"end":{"line":106,"column":5}},"20":{"start":{"line":85,"column":21},"end":{"line":85,"column":31}},"21":{"start":{"line":87,"column":21},"end":{"line":87,"column":46}},"22":{"start":{"line":88,"column":6},"end":{"line":90,"column":7}},"23":{"start":{"line":89,"column":8},"end":{"line":89,"column":64}},"24":{"start":{"line":92,"column":6},"end":{"line":97,"column":7}},"25":{"start":{"line":93,"column":8},"end":{"line":96,"column":10}},"26":{"start":{"line":99,"column":6},"end":{"line":99,"column":29}},"27":{"start":{"line":101,"column":6},"end":{"line":103,"column":73}},"28":{"start":{"line":105,"column":6},"end":{"line":105,"column":18}},"29":{"start":{"line":111,"column":4},"end":{"line":141,"column":5}},"30":{"start":{"line":112,"column":21},"end":{"line":112,"column":31}},"31":{"start":{"line":113,"column":21},"end":{"line":113,"column":46}},"32":{"start":{"line":115,"column":6},"end":{"line":115,"column":75}},"33":{"start":{"line":115,"column":19},"end":{"line":115,"column":75}},"34":{"start":{"line":117,"column":6},"end":{"line":122,"column":7}},"35":{"start":{"line":118,"column":8},"end":{"line":121,"column":10}},"36":{"start":{"line":125,"column":30},"end":{"line":125,"column":48}},"37":{"start":{"line":126,"column":31},"end":{"line":126,"column":50}},"38":{"start":{"line":127,"column":6},"end":{"line":129,"column":20}},"39":{"start":{"line":128,"column":8},"end":{"line":128,"column":59}},"40":{"start":{"line":130,"column":6},"end":{"line":132,"column":20}},"41":{"start":{"line":131,"column":8},"end":{"line":131,"column":61}},"42":{"start":{"line":134,"column":6},"end":{"line":138,"column":9}},"43":{"start":{"line":140,"column":6},"end":{"line":140,"column":18}},"44":{"start":{"line":145,"column":0},"end":{"line":145,"column":34}}},"fnMap":{"0":{"name":"(anonymous_0)","decl":{"start":{"line":5,"column":2},"end":{"line":5,"column":3}},"loc":{"start":{"line":5,"column":44},"end":{"line":50,"column":3}},"line":5},"1":{"name":"(anonymous_1)","decl":{"start":{"line":53,"column":2},"end":{"line":53,"column":3}},"loc":{"start":{"line":53,"column":42},"end":{"line":80,"column":3}},"line":53},"2":{"name":"(anonymous_2)","decl":{"start":{"line":60,"column":43},"end":{"line":60,"column":44}},"loc":{"start":{"line":60,"column":51},"end":{"line":74,"column":7}},"line":60},"3":{"name":"(anonymous_3)","decl":{"start":{"line":83,"column":2},"end":{"line":83,"column":3}},"loc":{"start":{"line":83,"column":44},"end":{"line":107,"column":3}},"line":83},"4":{"name":"(anonymous_4)","decl":{"start":{"line":110,"column":2},"end":{"line":110,"column":3}},"loc":{"start":{"line":110,"column":45},"end":{"line":142,"column":3}},"line":110}},"branchMap":{"0":{"loc":{"start":{"line":20,"column":6},"end":{"line":22,"column":7}},"type":"if","locations":[{"start":{"line":20,"column":6},"end":{"line":22,"column":7}},{"start":{},"end":{}}],"line":20},"1":{"loc":{"start":{"line":28,"column":21},"end":{"line":30,"column":23}},"type":"cond-expr","locations":[{"start":{"line":29,"column":12},"end":{"line":29,"column":39}},{"start":{"line":30,"column":12},"end":{"line":30,"column":23}}],"line":28},"2":{"loc":{"start":{"line":31,"column":22},"end":{"line":33,"column":24}},"type":"cond-expr","locations":[{"start":{"line":32,"column":12},"end":{"line":32,"column":40}},{"start":{"line":33,"column":12},"end":{"line":33,"column":24}}],"line":31},"3":{"loc":{"start":{"line":88,"column":6},"end":{"line":90,"column":7}},"type":"if","locations":[{"start":{"line":88,"column":6},"end":{"line":90,"column":7}},{"start":{},"end":{}}],"line":88},"4":{"loc":{"start":{"line":92,"column":6},"end":{"line":97,"column":7}},"type":"if","locations":[{"start":{"line":92,"column":6},"end":{"line":97,"column":7}},{"start":{},"end":{}}],"line":92},"5":{"loc":{"start":{"line":115,"column":6},"end":{"line":115,"column":75}},"type":"if","locations":[{"start":{"line":115,"column":6},"end":{"line":115,"column":75}},{"start":{},"end":{}}],"line":115},"6":{"loc":{"start":{"line":117,"column":6},"end":{"line":122,"column":7}},"type":"if","locations":[{"start":{"line":117,"column":6},"end":{"line":122,"column":7}},{"start":{},"end":{}}],"line":117}},"s":{"0":2,"1":3,"2":3,"3":3,"4":1,"5":2,"6":2,"7":1,"8":1,"9":1,"10":1,"11":1,"12":1,"13":1,"14":1,"15":1,"16":1,"17":1,"18":0,"19":2,"20":2,"21":2,"22":2,"23":1,"24":1,"25":0,"26":1,"27":1,"28":1,"29":2,"30":2,"31":2,"32":2,"33":1,"34":1,"35":0,"36":1,"37":1,"38":1,"39":1,"40":1,"41":1,"42":1,"43":1,"44":2},"f":{"0":3,"1":1,"2":1,"3":2,"4":2},"b":{"0":[1,2],"1":[2,0],"2":[2,0],"3":[1,1],"4":[0,1],"5":[1,1],"6":[0,1]},"_coverageSchema":"1a1c01bbd47fc00a2c39e90264f33305004495a9","hash":"ef0857641a4dd6c5773b313d6dcbb751262228b5"}
,"D:\\HACKTIVE BOOTCAMP\\PHASE 2\\WEEK 3\\MoodBite-HCK90\\moodbite-server\\controllers\\userController.js": {"path":"D:\\HACKTIVE BOOTCAMP\\PHASE 2\\WEEK 3\\MoodBite-HCK90\\moodbite-server\\controllers\\userController.js","statementMap":{"0":{"start":{"line":1,"column":17},"end":{"line":1,"column":37}},"1":{"start":{"line":2,"column":42},"end":{"line":2,"column":70}},"2":{"start":{"line":3,"column":22},"end":{"line":3,"column":47}},"3":{"start":{"line":4,"column":25},"end":{"line":4,"column":55}},"4":{"start":{"line":5,"column":20},"end":{"line":5,"column":47}},"5":{"start":{"line":9,"column":4},"end":{"line":21,"column":5}},"6":{"start":{"line":10,"column":44},"end":{"line":10,"column":52}},"7":{"start":{"line":12,"column":22},"end":{"line":12,"column":70}},"8":{"start":{"line":14,"column":6},"end":{"line":18,"column":9}},"9":{"start":{"line":20,"column":6},"end":{"line":20,"column":18}},"10":{"start":{"line":25,"column":4},"end":{"line":50,"column":5}},"11":{"start":{"line":26,"column":34},"end":{"line":26,"column":42}},"12":{"start":{"line":29,"column":6},"end":{"line":31,"column":7}},"13":{"start":{"line":30,"column":8},"end":{"line":30,"column":48}},"14":{"start":{"line":33,"column":19},"end":{"line":33,"column":59}},"15":{"start":{"line":34,"column":6},"end":{"line":36,"column":7}},"16":{"start":{"line":35,"column":8},"end":{"line":35,"column":45}},"17":{"start":{"line":39,"column":30},"end":{"line":39,"column":70}},"18":{"start":{"line":40,"column":6},"end":{"line":42,"column":7}},"19":{"start":{"line":41,"column":8},"end":{"line":41,"column":45}},"20":{"start":{"line":45,"column":27},"end":{"line":45,"column":53}},"21":{"start":{"line":47,"column":6},"end":{"line":47,"column":70}},"22":{"start":{"line":49,"column":6},"end":{"line":49,"column":18}},"23":{"start":{"line":54,"column":4},"end":{"line":98,"column":5}},"24":{"start":{"line":56,"column":30},"end":{"line":56,"column":38}},"25":{"start":{"line":57,"column":6},"end":{"line":62,"column":7}},"26":{"start":{"line":58,"column":8},"end":{"line":61,"column":10}},"27":{"start":{"line":65,"column":21},"end":{"line":65,"column":67}},"28":{"start":{"line":66,"column":21},"end":{"line":69,"column":8}},"29":{"start":{"line":71,"column":22},"end":{"line":71,"column":41}},"30":{"start":{"line":73,"column":30},"end":{"line":73,"column":37}},"31":{"start":{"line":76,"column":17},"end":{"line":76,"column":57}},"32":{"start":{"line":78,"column":6},"end":{"line":86,"column":7}},"33":{"start":{"line":80,"column":8},"end":{"line":85,"column":11}},"34":{"start":{"line":89,"column":27},"end":{"line":89,"column":53}},"35":{"start":{"line":91,"column":6},"end":{"line":95,"column":9}},"36":{"start":{"line":97,"column":6},"end":{"line":97,"column":18}},"37":{"start":{"line":102,"column":4},"end":{"line":137,"column":5}},"38":{"start":{"line":103,"column":30},"end":{"line":103,"column":38}},"39":{"start":{"line":104,"column":21},"end":{"line":104,"column":32}},"40":{"start":{"line":107,"column":6},"end":{"line":112,"column":7}},"41":{"start":{"line":108,"column":8},"end":{"line":111,"column":10}},"42":{"start":{"line":114,"column":6},"end":{"line":119,"column":7}},"43":{"start":{"line":115,"column":8},"end":{"line":118,"column":10}},"44":{"start":{"line":122,"column":29},"end":{"line":122,"column":54}},"45":{"start":{"line":125,"column":6},"end":{"line":130,"column":8}},"46":{"start":{"line":132,"column":6},"end":{"line":134,"column":9}},"47":{"start":{"line":136,"column":6},"end":{"line":136,"column":18}},"48":{"start":{"line":142,"column":4},"end":{"line":163,"column":5}},"49":{"start":{"line":143,"column":49},"end":{"line":143,"column":57}},"50":{"start":{"line":144,"column":19},"end":{"line":144,"column":51}},"51":{"start":{"line":145,"column":6},"end":{"line":149,"column":7}},"52":{"start":{"line":146,"column":8},"end":{"line":148,"column":10}},"53":{"start":{"line":151,"column":6},"end":{"line":151,"column":60}},"54":{"start":{"line":152,"column":6},"end":{"line":160,"column":9}},"55":{"start":{"line":162,"column":6},"end":{"line":162,"column":18}},"56":{"start":{"line":167,"column":4},"end":{"line":186,"column":5}},"57":{"start":{"line":168,"column":19},"end":{"line":168,"column":51}},"58":{"start":{"line":169,"column":6},"end":{"line":171,"column":7}},"59":{"start":{"line":170,"column":8},"end":{"line":170,"column":35}},"60":{"start":{"line":174,"column":18},"end":{"line":174,"column":72}},"61":{"start":{"line":176,"column":28},"end":{"line":176,"column":70}},"62":{"start":{"line":178,"column":6},"end":{"line":178,"column":48}},"63":{"start":{"line":181,"column":6},"end":{"line":181,"column":37}},"64":{"start":{"line":183,"column":6},"end":{"line":183,"column":69}},"65":{"start":{"line":185,"column":6},"end":{"line":185,"column":18}},"66":{"start":{"line":190,"column":4},"end":{"line":218,"column":5}},"67":{"start":{"line":191,"column":35},"end":{"line":191,"column":43}},"68":{"start":{"line":192,"column":19},"end":{"line":192,"column":51}},"69":{"start":{"line":194,"column":6},"end":{"line":196,"column":7}},"70":{"start":{"line":195,"column":8},"end":{"line":195,"column":35}},"71":{"start":{"line":199,"column":6},"end":{"line":201,"column":7}},"72":{"start":{"line":200,"column":8},"end":{"line":200,"column":66}},"73":{"start":{"line":202,"column":6},"end":{"line":204,"column":7}},"74":{"start":{"line":203,"column":8},"end":{"line":203,"column":61}},"75":{"start":{"line":207,"column":29},"end":{"line":207,"column":54}},"76":{"start":{"line":209,"column":6},"end":{"line":213,"column":9}},"77":{"start":{"line":215,"column":6},"end":{"line":215,"column":73}},"78":{"start":{"line":217,"column":6},"end":{"line":217,"column":18}},"79":{"start":{"line":222,"column":4},"end":{"line":236,"column":5}},"80":{"start":{"line":223,"column":19},"end":{"line":225,"column":8}},"81":{"start":{"line":227,"column":6},"end":{"line":231,"column":7}},"82":{"start":{"line":228,"column":8},"end":{"line":230,"column":10}},"83":{"start":{"line":233,"column":6},"end":{"line":233,"column":33}},"84":{"start":{"line":235,"column":6},"end":{"line":235,"column":18}},"85":{"start":{"line":240,"column":0},"end":{"line":240,"column":32}}},"fnMap":{"0":{"name":"(anonymous_0)","decl":{"start":{"line":8,"column":2},"end":{"line":8,"column":3}},"loc":{"start":{"line":8,"column":40},"end":{"line":22,"column":3}},"line":8},"1":{"name":"(anonymous_1)","decl":{"start":{"line":24,"column":2},"end":{"line":24,"column":3}},"loc":{"start":{"line":24,"column":37},"end":{"line":51,"column":3}},"line":24},"2":{"name":"(anonymous_2)","decl":{"start":{"line":53,"column":2},"end":{"line":53,"column":3}},"loc":{"start":{"line":53,"column":43},"end":{"line":99,"column":3}},"line":53},"3":{"name":"(anonymous_3)","decl":{"start":{"line":101,"column":2},"end":{"line":101,"column":3}},"loc":{"start":{"line":101,"column":46},"end":{"line":138,"column":3}},"line":101},"4":{"name":"(anonymous_4)","decl":{"start":{"line":141,"column":2},"end":{"line":141,"column":3}},"loc":{"start":{"line":141,"column":45},"end":{"line":164,"column":3}},"line":141},"5":{"name":"(anonymous_5)","decl":{"start":{"line":166,"column":2},"end":{"line":166,"column":3}},"loc":{"start":{"line":166,"column":42},"end":{"line":187,"column":3}},"line":166},"6":{"name":"(anonymous_6)","decl":{"start":{"line":189,"column":2},"end":{"line":189,"column":3}},"loc":{"start":{"line":189,"column":52},"end":{"line":219,"column":3}},"line":189},"7":{"name":"(anonymous_7)","decl":{"start":{"line":221,"column":2},"end":{"line":221,"column":3}},"loc":{"start":{"line":221,"column":46},"end":{"line":237,"column":3}},"line":221}},"branchMap":{"0":{"loc":{"start":{"line":29,"column":6},"end":{"line":31,"column":7}},"type":"if","locations":[{"start":{"line":29,"column":6},"end":{"line":31,"column":7}},{"start":{},"end":{}}],"line":29},"1":{"loc":{"start":{"line":29,"column":10},"end":{"line":29,"column":29}},"type":"binary-expr","locations":[{"start":{"line":29,"column":10},"end":{"line":29,"column":16}},{"start":{"line":29,"column":20},"end":{"line":29,"column":29}}],"line":29},"2":{"loc":{"start":{"line":34,"column":6},"end":{"line":36,"column":7}},"type":"if","locations":[{"start":{"line":34,"column":6},"end":{"line":36,"column":7}},{"start":{},"end":{}}],"line":34},"3":{"loc":{"start":{"line":40,"column":6},"end":{"line":42,"column":7}},"type":"if","locations":[{"start":{"line":40,"column":6},"end":{"line":42,"column":7}},{"start":{},"end":{}}],"line":40},"4":{"loc":{"start":{"line":57,"column":6},"end":{"line":62,"column":7}},"type":"if","locations":[{"start":{"line":57,"column":6},"end":{"line":62,"column":7}},{"start":{},"end":{}}],"line":57},"5":{"loc":{"start":{"line":78,"column":6},"end":{"line":86,"column":7}},"type":"if","locations":[{"start":{"line":78,"column":6},"end":{"line":86,"column":7}},{"start":{},"end":{}}],"line":78},"6":{"loc":{"start":{"line":107,"column":6},"end":{"line":112,"column":7}},"type":"if","locations":[{"start":{"line":107,"column":6},"end":{"line":112,"column":7}},{"start":{},"end":{}}],"line":107},"7":{"loc":{"start":{"line":114,"column":6},"end":{"line":119,"column":7}},"type":"if","locations":[{"start":{"line":114,"column":6},"end":{"line":119,"column":7}},{"start":{},"end":{}}],"line":114},"8":{"loc":{"start":{"line":145,"column":6},"end":{"line":149,"column":7}},"type":"if","locations":[{"start":{"line":145,"column":6},"end":{"line":149,"column":7}},{"start":{},"end":{}}],"line":145},"9":{"loc":{"start":{"line":169,"column":6},"end":{"line":171,"column":7}},"type":"if","locations":[{"start":{"line":169,"column":6},"end":{"line":171,"column":7}},{"start":{},"end":{}}],"line":169},"10":{"loc":{"start":{"line":194,"column":6},"end":{"line":196,"column":7}},"type":"if","locations":[{"start":{"line":194,"column":6},"end":{"line":196,"column":7}},{"start":{},"end":{}}],"line":194},"11":{"loc":{"start":{"line":199,"column":6},"end":{"line":201,"column":7}},"type":"if","locations":[{"start":{"line":199,"column":6},"end":{"line":201,"column":7}},{"start":{},"end":{}}],"line":199},"12":{"loc":{"start":{"line":202,"column":6},"end":{"line":204,"column":7}},"type":"if","locations":[{"start":{"line":202,"column":6},"end":{"line":204,"column":7}},{"start":{},"end":{}}],"line":202},"13":{"loc":{"start":{"line":227,"column":6},"end":{"line":231,"column":7}},"type":"if","locations":[{"start":{"line":227,"column":6},"end":{"line":231,"column":7}},{"start":{},"end":{}}],"line":227}},"s":{"0":2,"1":2,"2":2,"3":2,"4":2,"5":3,"6":3,"7":3,"8":1,"9":2,"10":9,"11":9,"12":9,"13":1,"14":8,"15":8,"16":1,"17":7,"18":7,"19":1,"20":6,"21":6,"22":3,"23":0,"24":0,"25":0,"26":0,"27":0,"28":0,"29":0,"30":0,"31":0,"32":0,"33":0,"34":0,"35":0,"36":0,"37":3,"38":3,"39":3,"40":3,"41":1,"42":2,"43":1,"44":1,"45":1,"46":1,"47":2,"48":1,"49":1,"50":1,"51":1,"52":0,"53":1,"54":1,"55":0,"56":2,"57":2,"58":2,"59":0,"60":2,"61":2,"62":2,"63":2,"64":2,"65":0,"66":2,"67":2,"68":2,"69":2,"70":0,"71":2,"72":1,"73":1,"74":0,"75":1,"76":1,"77":1,"78":1,"79":1,"80":1,"81":1,"82":0,"83":1,"84":0,"85":2},"f":{"0":3,"1":9,"2":0,"3":3,"4":1,"5":2,"6":2,"7":1},"b":{"0":[1,8],"1":[9,8],"2":[1,7],"3":[1,6],"4":[0,0],"5":[0,0],"6":[1,2],"7":[1,1],"8":[0,1],"9":[0,2],"10":[0,2],"11":[1,1],"12":[0,1],"13":[0,1]},"_coverageSchema":"1a1c01bbd47fc00a2c39e90264f33305004495a9","hash":"8d8282b5730b0d1582ceb702f840ea64eb7fa94c"}
,"D:\\HACKTIVE BOOTCAMP\\PHASE 2\\WEEK 3\\MoodBite-HCK90\\moodbite-server\\helpers\\bcrypt.js": {"path":"D:\\HACKTIVE BOOTCAMP\\PHASE 2\\WEEK 3\\MoodBite-HCK90\\moodbite-server\\helpers\\bcrypt.js","statementMap":{"0":{"start":{"line":1,"column":15},"end":{"line":1,"column":34}},"1":{"start":{"line":3,"column":21},"end":{"line":5,"column":1}},"2":{"start":{"line":4,"column":2},"end":{"line":4,"column":38}},"3":{"start":{"line":7,"column":24},"end":{"line":9,"column":1}},"4":{"start":{"line":8,"column":2},"end":{"line":8,"column":54}},"5":{"start":{"line":11,"column":0},"end":{"line":11,"column":51}}},"fnMap":{"0":{"name":"(anonymous_0)","decl":{"start":{"line":3,"column":21},"end":{"line":3,"column":22}},"loc":{"start":{"line":3,"column":35},"end":{"line":5,"column":1}},"line":3},"1":{"name":"(anonymous_1)","decl":{"start":{"line":7,"column":24},"end":{"line":7,"column":25}},"loc":{"start":{"line":7,"column":54},"end":{"line":9,"column":1}},"line":7}},"branchMap":{},"s":{"0":2,"1":2,"2":5,"3":2,"4":7,"5":2},"f":{"0":5,"1":7},"b":{},"_coverageSchema":"1a1c01bbd47fc00a2c39e90264f33305004495a9","hash":"1ec6efb54f75cf4ca02849587d018c82aa7be48a"}
,"D:\\HACKTIVE BOOTCAMP\\PHASE 2\\WEEK 3\\MoodBite-HCK90\\moodbite-server\\helpers\\email.js": {"path":"D:\\HACKTIVE BOOTCAMP\\PHASE 2\\WEEK 3\\MoodBite-HCK90\\moodbite-server\\helpers\\email.js","statementMap":{"0":{"start":{"line":2,"column":19},"end":{"line":2,"column":36}},"1":{"start":{"line":4,"column":15},"end":{"line":4,"column":53}},"2":{"start":{"line":6,"column":16},"end":{"line":35,"column":1}},"3":{"start":{"line":7,"column":2},"end":{"line":34,"column":3}},"4":{"start":{"line":8,"column":28},"end":{"line":23,"column":6}},"5":{"start":{"line":25,"column":4},"end":{"line":28,"column":5}},"6":{"start":{"line":26,"column":6},"end":{"line":26,"column":44}},"7":{"start":{"line":27,"column":6},"end":{"line":27,"column":46}},"8":{"start":{"line":30,"column":4},"end":{"line":30,"column":50}},"9":{"start":{"line":31,"column":4},"end":{"line":31,"column":16}},"10":{"start":{"line":33,"column":4},"end":{"line":33,"column":14}},"11":{"start":{"line":37,"column":0},"end":{"line":37,"column":29}}},"fnMap":{"0":{"name":"(anonymous_0)","decl":{"start":{"line":6,"column":16},"end":{"line":6,"column":17}},"loc":{"start":{"line":6,"column":38},"end":{"line":35,"column":1}},"line":6}},"branchMap":{"0":{"loc":{"start":{"line":25,"column":4},"end":{"line":28,"column":5}},"type":"if","locations":[{"start":{"line":25,"column":4},"end":{"line":28,"column":5}},{"start":{},"end":{}}],"line":25}},"s":{"0":2,"1":2,"2":2,"3":2,"4":2,"5":2,"6":0,"7":0,"8":2,"9":2,"10":0,"11":2},"f":{"0":2},"b":{"0":[0,2]},"_coverageSchema":"1a1c01bbd47fc00a2c39e90264f33305004495a9","hash":"e1d266aecf87701ec2677af5dccef9e4fb70fa86"}
,"D:\\HACKTIVE BOOTCAMP\\PHASE 2\\WEEK 3\\MoodBite-HCK90\\moodbite-server\\helpers\\jwt.js": {"path":"D:\\HACKTIVE BOOTCAMP\\PHASE 2\\WEEK 3\\MoodBite-HCK90\\moodbite-server\\helpers\\jwt.js","statementMap":{"0":{"start":{"line":1,"column":12},"end":{"line":1,"column":35}},"1":{"start":{"line":2,"column":15},"end":{"line":2,"column":37}},"2":{"start":{"line":4,"column":18},"end":{"line":6,"column":1}},"3":{"start":{"line":5,"column":2},"end":{"line":5,"column":35}},"4":{"start":{"line":8,"column":20},"end":{"line":10,"column":1}},"5":{"start":{"line":9,"column":2},"end":{"line":9,"column":35}},"6":{"start":{"line":12,"column":0},"end":{"line":12,"column":44}}},"fnMap":{"0":{"name":"(anonymous_0)","decl":{"start":{"line":4,"column":18},"end":{"line":4,"column":19}},"loc":{"start":{"line":4,"column":31},"end":{"line":6,"column":1}},"line":4},"1":{"name":"(anonymous_1)","decl":{"start":{"line":8,"column":20},"end":{"line":8,"column":21}},"loc":{"start":{"line":8,"column":31},"end":{"line":10,"column":1}},"line":8}},"branchMap":{},"s":{"0":2,"1":2,"2":2,"3":7,"4":2,"5":19,"6":2},"f":{"0":7,"1":19},"b":{},"_coverageSchema":"1a1c01bbd47fc00a2c39e90264f33305004495a9","hash":"db2a32b1a063cf81cd6f22a90b3960fffa3618ea"}
,"D:\\HACKTIVE BOOTCAMP\\PHASE 2\\WEEK 3\\MoodBite-HCK90\\moodbite-server\\middlewares\\authentication.js": {"path":"D:\\HACKTIVE BOOTCAMP\\PHASE 2\\WEEK 3\\MoodBite-HCK90\\moodbite-server\\middlewares\\authentication.js","statementMap":{"0":{"start":{"line":1,"column":24},"end":{"line":1,"column":49}},"1":{"start":{"line":2,"column":17},"end":{"line":2,"column":37}},"2":{"start":{"line":4,"column":23},"end":{"line":37,"column":1}},"3":{"start":{"line":5,"column":2},"end":{"line":36,"column":3}},"4":{"start":{"line":7,"column":4},"end":{"line":9,"column":5}},"5":{"start":{"line":8,"column":6},"end":{"line":8,"column":40}},"6":{"start":{"line":12,"column":18},"end":{"line":12,"column":57}},"7":{"start":{"line":13,"column":4},"end":{"line":15,"column":5}},"8":{"start":{"line":14,"column":6},"end":{"line":14,"column":40}},"9":{"start":{"line":18,"column":20},"end":{"line":18,"column":38}},"10":{"start":{"line":21,"column":17},"end":{"line":21,"column":48}},"11":{"start":{"line":22,"column":4},"end":{"line":24,"column":5}},"12":{"start":{"line":23,"column":6},"end":{"line":23,"column":40}},"13":{"start":{"line":27,"column":4},"end":{"line":31,"column":6}},"14":{"start":{"line":33,"column":4},"end":{"line":33,"column":11}},"15":{"start":{"line":35,"column":4},"end":{"line":35,"column":16}},"16":{"start":{"line":39,"column":0},"end":{"line":39,"column":32}}},"fnMap":{"0":{"name":"(anonymous_0)","decl":{"start":{"line":4,"column":23},"end":{"line":4,"column":24}},"loc":{"start":{"line":4,"column":49},"end":{"line":37,"column":1}},"line":4}},"branchMap":{"0":{"loc":{"start":{"line":7,"column":4},"end":{"line":9,"column":5}},"type":"if","locations":[{"start":{"line":7,"column":4},"end":{"line":9,"column":5}},{"start":{},"end":{}}],"line":7},"1":{"loc":{"start":{"line":13,"column":4},"end":{"line":15,"column":5}},"type":"if","locations":[{"start":{"line":13,"column":4},"end":{"line":15,"column":5}},{"start":{},"end":{}}],"line":13},"2":{"loc":{"start":{"line":22,"column":4},"end":{"line":24,"column":5}},"type":"if","locations":[{"start":{"line":22,"column":4},"end":{"line":24,"column":5}},{"start":{},"end":{}}],"line":22}},"s":{"0":2,"1":2,"2":2,"3":26,"4":26,"5":7,"6":19,"7":19,"8":0,"9":19,"10":19,"11":19,"12":0,"13":19,"14":19,"15":7,"16":2},"f":{"0":26},"b":{"0":[7,19],"1":[0,19],"2":[0,19]},"_coverageSchema":"1a1c01bbd47fc00a2c39e90264f33305004495a9","hash":"10a2d369aac1fee0c1d4b925118ec07a6d58aa85"}
,"D:\\HACKTIVE BOOTCAMP\\PHASE 2\\WEEK 3\\MoodBite-HCK90\\moodbite-server\\middlewares\\errorHandler.js": {"path":"D:\\HACKTIVE BOOTCAMP\\PHASE 2\\WEEK 3\\MoodBite-HCK90\\moodbite-server\\middlewares\\errorHandler.js","statementMap":{"0":{"start":{"line":1,"column":21},"end":{"line":43,"column":1}},"1":{"start":{"line":2,"column":2},"end":{"line":2,"column":33}},"2":{"start":{"line":4,"column":15},"end":{"line":4,"column":18}},"3":{"start":{"line":5,"column":16},"end":{"line":5,"column":39}},"4":{"start":{"line":7,"column":2},"end":{"line":40,"column":3}},"5":{"start":{"line":11,"column":4},"end":{"line":11,"column":17}},"6":{"start":{"line":12,"column":4},"end":{"line":12,"column":36}},"7":{"start":{"line":13,"column":9},"end":{"line":40,"column":3}},"8":{"start":{"line":14,"column":4},"end":{"line":14,"column":17}},"9":{"start":{"line":15,"column":4},"end":{"line":15,"column":48}},"10":{"start":{"line":16,"column":9},"end":{"line":40,"column":3}},"11":{"start":{"line":17,"column":4},"end":{"line":17,"column":17}},"12":{"start":{"line":18,"column":4},"end":{"line":18,"column":42}},"13":{"start":{"line":19,"column":9},"end":{"line":40,"column":3}},"14":{"start":{"line":20,"column":4},"end":{"line":20,"column":17}},"15":{"start":{"line":21,"column":4},"end":{"line":21,"column":51}},"16":{"start":{"line":22,"column":9},"end":{"line":40,"column":3}},"17":{"start":{"line":23,"column":4},"end":{"line":23,"column":17}},"18":{"start":{"line":24,"column":4},"end":{"line":24,"column":49}},"19":{"start":{"line":25,"column":9},"end":{"line":40,"column":3}},"20":{"start":{"line":26,"column":4},"end":{"line":26,"column":17}},"21":{"start":{"line":27,"column":4},"end":{"line":27,"column":46}},"22":{"start":{"line":28,"column":9},"end":{"line":40,"column":3}},"23":{"start":{"line":29,"column":4},"end":{"line":29,"column":17}},"24":{"start":{"line":30,"column":4},"end":{"line":30,"column":26}},"25":{"start":{"line":31,"column":9},"end":{"line":40,"column":3}},"26":{"start":{"line":32,"column":4},"end":{"line":32,"column":17}},"27":{"start":{"line":33,"column":4},"end":{"line":33,"column":54}},"28":{"start":{"line":34,"column":9},"end":{"line":40,"column":3}},"29":{"start":{"line":38,"column":4},"end":{"line":38,"column":17}},"30":{"start":{"line":39,"column":4},"end":{"line":39,"column":63}},"31":{"start":{"line":42,"column":2},"end":{"line":42,"column":39}},"32":{"start":{"line":45,"column":0},"end":{"line":45,"column":30}}},"fnMap":{"0":{"name":"(anonymous_0)","decl":{"start":{"line":1,"column":21},"end":{"line":1,"column":22}},"loc":{"start":{"line":1,"column":46},"end":{"line":43,"column":1}},"line":1}},"branchMap":{"0":{"loc":{"start":{"line":7,"column":2},"end":{"line":40,"column":3}},"type":"if","locations":[{"start":{"line":7,"column":2},"end":{"line":40,"column":3}},{"start":{"line":13,"column":9},"end":{"line":40,"column":3}}],"line":7},"1":{"loc":{"start":{"line":8,"column":4},"end":{"line":9,"column":49}},"type":"binary-expr","locations":[{"start":{"line":8,"column":4},"end":{"line":8,"column":43}},{"start":{"line":9,"column":4},"end":{"line":9,"column":49}}],"line":8},"2":{"loc":{"start":{"line":13,"column":9},"end":{"line":40,"column":3}},"type":"if","locations":[{"start":{"line":13,"column":9},"end":{"line":40,"column":3}},{"start":{"line":16,"column":9},"end":{"line":40,"column":3}}],"line":13},"3":{"loc":{"start":{"line":16,"column":9},"end":{"line":40,"column":3}},"type":"if","locations":[{"start":{"line":16,"column":9},"end":{"line":40,"column":3}},{"start":{"line":19,"column":9},"end":{"line":40,"column":3}}],"line":16},"4":{"loc":{"start":{"line":19,"column":9},"end":{"line":40,"column":3}},"type":"if","locations":[{"start":{"line":19,"column":9},"end":{"line":40,"column":3}},{"start":{"line":22,"column":9},"end":{"line":40,"column":3}}],"line":19},"5":{"loc":{"start":{"line":19,"column":13},"end":{"line":19,"column":76}},"type":"binary-expr","locations":[{"start":{"line":19,"column":13},"end":{"line":19,"column":40}},{"start":{"line":19,"column":44},"end":{"line":19,"column":76}}],"line":19},"6":{"loc":{"start":{"line":22,"column":9},"end":{"line":40,"column":3}},"type":"if","locations":[{"start":{"line":22,"column":9},"end":{"line":40,"column":3}},{"start":{"line":25,"column":9},"end":{"line":40,"column":3}}],"line":22},"7":{"loc":{"start":{"line":25,"column":9},"end":{"line":40,"column":3}},"type":"if","locations":[{"start":{"line":25,"column":9},"end":{"line":40,"column":3}},{"start":{"line":28,"column":9},"end":{"line":40,"column":3}}],"line":25},"8":{"loc":{"start":{"line":25,"column":13},"end":{"line":25,"column":69}},"type":"binary-expr","locations":[{"start":{"line":25,"column":13},"end":{"line":25,"column":42}},{"start":{"line":25,"column":46},"end":{"line":25,"column":69}}],"line":25},"9":{"loc":{"start":{"line":27,"column":14},"end":{"line":27,"column":45}},"type":"binary-expr","locations":[{"start":{"line":27,"column":14},"end":{"line":27,"column":25}},{"start":{"line":27,"column":29},"end":{"line":27,"column":45}}],"line":27},"10":{"loc":{"start":{"line":28,"column":9},"end":{"line":40,"column":3}},"type":"if","locations":[{"start":{"line":28,"column":9},"end":{"line":40,"column":3}},{"start":{"line":31,"column":9},"end":{"line":40,"column":3}}],"line":28},"11":{"loc":{"start":{"line":31,"column":9},"end":{"line":40,"column":3}},"type":"if","locations":[{"start":{"line":31,"column":9},"end":{"line":40,"column":3}},{"start":{"line":34,"column":9},"end":{"line":40,"column":3}}],"line":31},"12":{"loc":{"start":{"line":33,"column":14},"end":{"line":33,"column":53}},"type":"binary-expr","locations":[{"start":{"line":33,"column":14},"end":{"line":33,"column":25}},{"start":{"line":33,"column":29},"end":{"line":33,"column":53}}],"line":33},"13":{"loc":{"start":{"line":34,"column":9},"end":{"line":40,"column":3}},"type":"if","locations":[{"start":{"line":34,"column":9},"end":{"line":40,"column":3}},{"start":{},"end":{}}],"line":34},"14":{"loc":{"start":{"line":35,"column":4},"end":{"line":36,"column":36}},"type":"binary-expr","locations":[{"start":{"line":35,"column":4},"end":{"line":35,"column":34}},{"start":{"line":36,"column":4},"end":{"line":36,"column":36}}],"line":35},"15":{"loc":{"start":{"line":39,"column":14},"end":{"line":39,"column":62}},"type":"binary-expr","locations":[{"start":{"line":39,"column":14},"end":{"line":39,"column":25}},{"start":{"line":39,"column":29},"end":{"line":39,"column":62}}],"line":39}},"s":{"0":3,"1":10,"2":10,"3":10,"4":10,"5":1,"6":1,"7":9,"8":1,"9":1,"10":8,"11":1,"12":1,"13":7,"14":1,"15":1,"16":6,"17":1,"18":1,"19":5,"20":1,"21":1,"22":4,"23":1,"24":1,"25":3,"26":1,"27":1,"28":2,"29":1,"30":1,"31":10,"32":3},"f":{"0":10},"b":{"0":[1,9],"1":[10,9],"2":[1,8],"3":[1,7],"4":[1,6],"5":[7,6],"6":[1,5],"7":[1,4],"8":[5,4],"9":[1,0],"10":[1,3],"11":[1,2],"12":[1,1],"13":[1,1],"14":[2,1],"15":[1,0]},"_coverageSchema":"1a1c01bbd47fc00a2c39e90264f33305004495a9","hash":"cf664c4ad4b18491bc044383bd0e813dfde5294c"}
,"D:\\HACKTIVE BOOTCAMP\\PHASE 2\\WEEK 3\\MoodBite-HCK90\\moodbite-server\\models\\index.js": {"path":"D:\\HACKTIVE BOOTCAMP\\PHASE 2\\WEEK 3\\MoodBite-HCK90\\moodbite-server\\models\\index.js","statementMap":{"0":{"start":{"line":3,"column":11},"end":{"line":3,"column":24}},"1":{"start":{"line":4,"column":13},"end":{"line":4,"column":28}},"2":{"start":{"line":5,"column":18},"end":{"line":5,"column":38}},"3":{"start":{"line":6,"column":16},"end":{"line":6,"column":34}},"4":{"start":{"line":7,"column":17},"end":{"line":7,"column":42}},"5":{"start":{"line":8,"column":12},"end":{"line":8,"column":49}},"6":{"start":{"line":9,"column":15},"end":{"line":9,"column":65}},"7":{"start":{"line":10,"column":11},"end":{"line":10,"column":13}},"8":{"start":{"line":13,"column":0},"end":{"line":17,"column":1}},"9":{"start":{"line":14,"column":2},"end":{"line":14,"column":74}},"10":{"start":{"line":16,"column":2},"end":{"line":16,"column":87}},"11":{"start":{"line":19,"column":0},"end":{"line":32,"column":5}},"12":{"start":{"line":22,"column":4},"end":{"line":27,"column":6}},"13":{"start":{"line":30,"column":18},"end":{"line":30,"column":85}},"14":{"start":{"line":31,"column":4},"end":{"line":31,"column":27}},"15":{"start":{"line":34,"column":0},"end":{"line":38,"column":3}},"16":{"start":{"line":35,"column":2},"end":{"line":37,"column":3}},"17":{"start":{"line":36,"column":4},"end":{"line":36,"column":32}},"18":{"start":{"line":40,"column":0},"end":{"line":40,"column":25}},"19":{"start":{"line":41,"column":0},"end":{"line":41,"column":25}},"20":{"start":{"line":43,"column":0},"end":{"line":43,"column":20}}},"fnMap":{"0":{"name":"(anonymous_0)","decl":{"start":{"line":21,"column":10},"end":{"line":21,"column":11}},"loc":{"start":{"line":21,"column":18},"end":{"line":28,"column":3}},"line":21},"1":{"name":"(anonymous_1)","decl":{"start":{"line":29,"column":11},"end":{"line":29,"column":12}},"loc":{"start":{"line":29,"column":19},"end":{"line":32,"column":3}},"line":29},"2":{"name":"(anonymous_2)","decl":{"start":{"line":34,"column":24},"end":{"line":34,"column":25}},"loc":{"start":{"line":34,"column":37},"end":{"line":38,"column":1}},"line":34}},"branchMap":{"0":{"loc":{"start":{"line":8,"column":12},"end":{"line":8,"column":49}},"type":"binary-expr","locations":[{"start":{"line":8,"column":12},"end":{"line":8,"column":32}},{"start":{"line":8,"column":36},"end":{"line":8,"column":49}}],"line":8},"1":{"loc":{"start":{"line":13,"column":0},"end":{"line":17,"column":1}},"type":"if","locations":[{"start":{"line":13,"column":0},"end":{"line":17,"column":1}},{"start":{"line":15,"column":7},"end":{"line":17,"column":1}}],"line":13},"2":{"loc":{"start":{"line":23,"column":6},"end":{"line":26,"column":37}},"type":"binary-expr","locations":[{"start":{"line":23,"column":6},"end":{"line":23,"column":29}},{"start":{"line":24,"column":6},"end":{"line":24,"column":23}},{"start":{"line":25,"column":6},"end":{"line":25,"column":30}},{"start":{"line":26,"column":6},"end":{"line":26,"column":37}}],"line":23},"3":{"loc":{"start":{"line":35,"column":2},"end":{"line":37,"column":3}},"type":"if","locations":[{"start":{"line":35,"column":2},"end":{"line":37,"column":3}},{"start":{},"end":{}}],"line":35}},"s":{"0":2,"1":2,"2":2,"3":2,"4":2,"5":2,"6":2,"7":2,"8":2,"9":0,"10":2,"11":2,"12":6,"13":4,"14":4,"15":2,"16":4,"17":4,"18":2,"19":2,"20":2},"f":{"0":6,"1":4,"2":4},"b":{"0":[2,0],"1":[0,2],"2":[6,6,4,4],"3":[4,0]},"_coverageSchema":"1a1c01bbd47fc00a2c39e90264f33305004495a9","hash":"25077ac7e0c8cfb6ec49fa0bbec101f5a181e904"}
,"D:\\HACKTIVE BOOTCAMP\\PHASE 2\\WEEK 3\\MoodBite-HCK90\\moodbite-server\\models\\recipe.js": {"path":"D:\\HACKTIVE BOOTCAMP\\PHASE 2\\WEEK 3\\MoodBite-HCK90\\moodbite-server\\models\\recipe.js","statementMap":{"0":{"start":{"line":2,"column":18},"end":{"line":2,"column":38}},"1":{"start":{"line":3,"column":0},"end":{"line":34,"column":2}},"2":{"start":{"line":12,"column":6},"end":{"line":12,"column":36}},"3":{"start":{"line":15,"column":2},"end":{"line":32,"column":4}},"4":{"start":{"line":33,"column":2},"end":{"line":33,"column":16}}},"fnMap":{"0":{"name":"(anonymous_0)","decl":{"start":{"line":3,"column":17},"end":{"line":3,"column":18}},"loc":{"start":{"line":3,"column":43},"end":{"line":34,"column":1}},"line":3},"1":{"name":"(anonymous_1)","decl":{"start":{"line":10,"column":4},"end":{"line":10,"column":5}},"loc":{"start":{"line":10,"column":29},"end":{"line":13,"column":5}},"line":10}},"branchMap":{},"s":{"0":2,"1":2,"2":2,"3":2,"4":2},"f":{"0":2,"1":2},"b":{},"_coverageSchema":"1a1c01bbd47fc00a2c39e90264f33305004495a9","hash":"bada9173fe7a2e8ef0a7be73cc30a5ac564fd15e"}
,"D:\\HACKTIVE BOOTCAMP\\PHASE 2\\WEEK 3\\MoodBite-HCK90\\moodbite-server\\models\\user.js": {"path":"D:\\HACKTIVE BOOTCAMP\\PHASE 2\\WEEK 3\\MoodBite-HCK90\\moodbite-server\\models\\user.js","statementMap":{"0":{"start":{"line":2,"column":18},"end":{"line":2,"column":38}},"1":{"start":{"line":3,"column":25},"end":{"line":3,"column":53}},"2":{"start":{"line":4,"column":0},"end":{"line":53,"column":2}},"3":{"start":{"line":14,"column":6},"end":{"line":14,"column":34}},"4":{"start":{"line":17,"column":2},"end":{"line":46,"column":4}},"5":{"start":{"line":48,"column":2},"end":{"line":50,"column":5}},"6":{"start":{"line":49,"column":4},"end":{"line":49,"column":48}},"7":{"start":{"line":52,"column":2},"end":{"line":52,"column":14}}},"fnMap":{"0":{"name":"(anonymous_0)","decl":{"start":{"line":4,"column":17},"end":{"line":4,"column":18}},"loc":{"start":{"line":4,"column":43},"end":{"line":53,"column":1}},"line":4},"1":{"name":"(anonymous_1)","decl":{"start":{"line":11,"column":4},"end":{"line":11,"column":5}},"loc":{"start":{"line":11,"column":29},"end":{"line":15,"column":5}},"line":11},"2":{"name":"(anonymous_2)","decl":{"start":{"line":48,"column":20},"end":{"line":48,"column":21}},"loc":{"start":{"line":48,"column":30},"end":{"line":50,"column":3}},"line":48}},"branchMap":{},"s":{"0":2,"1":2,"2":2,"3":2,"4":2,"5":2,"6":3,"7":2},"f":{"0":2,"1":2,"2":3},"b":{},"_coverageSchema":"1a1c01bbd47fc00a2c39e90264f33305004495a9","hash":"4f62de76f458bf5dbd4108d563c56839b1963c6f"}
,"D:\\HACKTIVE BOOTCAMP\\PHASE 2\\WEEK 3\\MoodBite-HCK90\\moodbite-server\\routes\\index.js": {"path":"D:\\HACKTIVE BOOTCAMP\\PHASE 2\\WEEK 3\\MoodBite-HCK90\\moodbite-server\\routes\\index.js","statementMap":{"0":{"start":{"line":1,"column":16},"end":{"line":1,"column":34}},"1":{"start":{"line":2,"column":15},"end":{"line":2,"column":24}},"2":{"start":{"line":3,"column":23},"end":{"line":3,"column":63}},"3":{"start":{"line":4,"column":21},"end":{"line":4,"column":59}},"4":{"start":{"line":5,"column":25},"end":{"line":5,"column":67}},"5":{"start":{"line":6,"column":23},"end":{"line":6,"column":63}},"6":{"start":{"line":8,"column":0},"end":{"line":8,"column":50}},"7":{"start":{"line":9,"column":0},"end":{"line":9,"column":44}},"8":{"start":{"line":10,"column":0},"end":{"line":10,"column":57}},"9":{"start":{"line":12,"column":0},"end":{"line":12,"column":27}},"10":{"start":{"line":14,"column":0},"end":{"line":14,"column":64}},"11":{"start":{"line":15,"column":0},"end":{"line":15,"column":65}},"12":{"start":{"line":17,"column":0},"end":{"line":17,"column":54}},"13":{"start":{"line":18,"column":0},"end":{"line":18,"column":53}},"14":{"start":{"line":19,"column":0},"end":{"line":19,"column":55}},"15":{"start":{"line":20,"column":0},"end":{"line":20,"column":73}},"16":{"start":{"line":22,"column":0},"end":{"line":22,"column":55}},"17":{"start":{"line":23,"column":0},"end":{"line":23,"column":52}},"18":{"start":{"line":24,"column":0},"end":{"line":24,"column":59}},"19":{"start":{"line":25,"column":0},"end":{"line":25,"column":61}},"20":{"start":{"line":27,"column":0},"end":{"line":27,"column":24}}},"fnMap":{},"branchMap":{},"s":{"0":2,"1":2,"2":2,"3":2,"4":2,"5":2,"6":2,"7":2,"8":2,"9":2,"10":2,"11":2,"12":2,"13":2,"14":2,"15":2,"16":2,"17":2,"18":2,"19":2,"20":2},"f":{},"b":{},"_coverageSchema":"1a1c01bbd47fc00a2c39e90264f33305004495a9","hash":"9ce4231b59a45605da2d7bc57697be2552c8da7b"}
}
