TN:
SF:app.js
FN:18,(anonymous_0)
FNF:1
FNH:1
FNDA:19,(anonymous_0)
DA:1,2
DA:2,2
DA:5,2
DA:6,2
DA:7,2
DA:8,2
DA:9,2
DA:11,2
DA:12,2
DA:13,2
DA:15,2
DA:18,2
DA:19,19
DA:20,19
DA:21,19
DA:23,19
DA:27,2
DA:28,2
DA:29,17
DA:30,1
DA:31,1
DA:32,16
DA:33,4
DA:34,4
DA:35,12
DA:36,1
DA:37,1
DA:38,11
DA:39,2
DA:40,2
DA:41,9
DA:42,7
DA:43,7
DA:44,2
DA:45,2
DA:46,2
DA:49,19
DA:52,2
DA:54,2
LF:39
LH:39
BRDA:1,0,0,2
BRDA:1,0,1,0
BRDA:23,1,0,2
BRDA:23,1,1,17
BRDA:24,2,0,19
BRDA:24,2,1,18
BRDA:29,3,0,1
BRDA:29,3,1,16
BRDA:32,4,0,4
BRDA:32,4,1,12
BRDA:34,5,0,4
BRDA:34,5,1,0
BRDA:35,6,0,1
BRDA:35,6,1,11
BRDA:38,7,0,2
BRDA:38,7,1,9
BRDA:40,8,0,2
BRDA:40,8,1,0
BRDA:41,9,0,7
BRDA:41,9,1,2
BRDA:44,10,0,2
BRDA:44,10,1,0
BRF:22
BRH:18
end_of_record
TN:
SF:controllers\aiController.js
FN:5,(anonymous_0)
FN:30,(anonymous_1)
FN:75,(anonymous_2)
FN:78,(anonymous_3)
FN:82,(anonymous_4)
FNF:5
FNH:5
FNDA:2,(anonymous_0)
FNDA:1,(anonymous_1)
FNDA:1,(anonymous_2)
FNDA:1,(anonymous_3)
FNDA:1,(anonymous_4)
DA:1,2
DA:2,2
DA:6,2
DA:7,2
DA:8,2
DA:11,1
DA:12,1
DA:14,1
DA:21,1
DA:22,1
DA:27,1
DA:30,1
DA:32,1
DA:33,1
DA:34,1
DA:44,1
DA:45,1
DA:48,0
DA:52,1
DA:58,1
DA:59,1
DA:71,1
DA:72,1
DA:73,1
DA:75,1
DA:78,1
DA:82,1
DA:88,0
DA:92,1
DA:101,1
DA:103,1
DA:108,1
DA:109,1
DA:114,2
LF:34
LH:32
BRDA:8,0,0,1
BRDA:8,0,1,1
BRDA:44,1,0,1
BRDA:44,1,1,0
BRDA:72,2,0,1
BRDA:72,2,1,0
BRDA:82,3,0,1
BRDA:82,3,1,1
BRDA:84,4,0,1
BRDA:84,4,1,0
BRF:10
BRH:7
end_of_record
TN:
SF:controllers\recipeController.js
FN:5,(anonymous_0)
FN:53,(anonymous_1)
FN:60,(anonymous_2)
FN:83,(anonymous_3)
FN:110,(anonymous_4)
FNF:5
FNH:5
FNDA:3,(anonymous_0)
FNDA:1,(anonymous_1)
FNDA:1,(anonymous_2)
FNDA:2,(anonymous_3)
FNDA:2,(anonymous_4)
DA:1,2
DA:6,3
DA:18,3
DA:20,3
DA:21,1
DA:24,2
DA:43,2
DA:48,1
DA:54,1
DA:55,1
DA:60,1
DA:61,1
DA:62,1
DA:63,1
DA:64,1
DA:65,1
DA:69,1
DA:76,1
DA:78,0
DA:84,2
DA:85,2
DA:87,2
DA:88,2
DA:89,1
DA:92,1
DA:93,0
DA:99,1
DA:101,1
DA:105,1
DA:111,2
DA:112,2
DA:113,2
DA:115,2
DA:117,1
DA:118,0
DA:125,1
DA:126,1
DA:127,1
DA:128,1
DA:130,1
DA:131,1
DA:134,1
DA:140,1
DA:145,2
LF:44
LH:41
BRDA:20,0,0,1
BRDA:20,0,1,2
BRDA:28,1,0,2
BRDA:28,1,1,0
BRDA:31,2,0,2
BRDA:31,2,1,0
BRDA:88,3,0,1
BRDA:88,3,1,1
BRDA:92,4,0,0
BRDA:92,4,1,1
BRDA:115,5,0,1
BRDA:115,5,1,1
BRDA:117,6,0,0
BRDA:117,6,1,1
BRF:14
BRH:10
end_of_record
TN:
SF:controllers\userController.js
FN:8,(anonymous_0)
FN:24,(anonymous_1)
FN:53,(anonymous_2)
FN:101,(anonymous_3)
FN:141,(anonymous_4)
FN:166,(anonymous_5)
FN:189,(anonymous_6)
FN:221,(anonymous_7)
FNF:8
FNH:7
FNDA:3,(anonymous_0)
FNDA:9,(anonymous_1)
FNDA:0,(anonymous_2)
FNDA:3,(anonymous_3)
FNDA:1,(anonymous_4)
FNDA:2,(anonymous_5)
FNDA:2,(anonymous_6)
FNDA:1,(anonymous_7)
DA:1,2
DA:2,2
DA:3,2
DA:4,2
DA:5,2
DA:9,3
DA:10,3
DA:12,3
DA:14,1
DA:20,2
DA:25,9
DA:26,9
DA:29,9
DA:30,1
DA:33,8
DA:34,8
DA:35,1
DA:39,7
DA:40,7
DA:41,1
DA:45,6
DA:47,6
DA:49,3
DA:54,0
DA:56,0
DA:57,0
DA:58,0
DA:65,0
DA:66,0
DA:71,0
DA:73,0
DA:76,0
DA:78,0
DA:80,0
DA:89,0
DA:91,0
DA:97,0
DA:102,3
DA:103,3
DA:104,3
DA:107,3
DA:108,1
DA:114,2
DA:115,1
DA:122,1
DA:125,1
DA:132,1
DA:136,2
DA:142,1
DA:143,1
DA:144,1
DA:145,1
DA:146,0
DA:151,1
DA:152,1
DA:162,0
DA:167,2
DA:168,2
DA:169,2
DA:170,0
DA:174,2
DA:176,2
DA:178,2
DA:181,2
DA:183,2
DA:185,0
DA:190,2
DA:191,2
DA:192,2
DA:194,2
DA:195,0
DA:199,2
DA:200,1
DA:202,1
DA:203,0
DA:207,1
DA:209,1
DA:215,1
DA:217,1
DA:222,1
DA:223,1
DA:227,1
DA:228,0
DA:233,1
DA:235,0
DA:240,2
LF:86
LH:64
BRDA:29,0,0,1
BRDA:29,0,1,8
BRDA:29,1,0,9
BRDA:29,1,1,8
BRDA:34,2,0,1
BRDA:34,2,1,7
BRDA:40,3,0,1
BRDA:40,3,1,6
BRDA:57,4,0,0
BRDA:57,4,1,0
BRDA:78,5,0,0
BRDA:78,5,1,0
BRDA:107,6,0,1
BRDA:107,6,1,2
BRDA:114,7,0,1
BRDA:114,7,1,1
BRDA:145,8,0,0
BRDA:145,8,1,1
BRDA:169,9,0,0
BRDA:169,9,1,2
BRDA:194,10,0,0
BRDA:194,10,1,2
BRDA:199,11,0,1
BRDA:199,11,1,1
BRDA:202,12,0,0
BRDA:202,12,1,1
BRDA:227,13,0,0
BRDA:227,13,1,1
BRF:28
BRH:19
end_of_record
TN:
SF:helpers\bcrypt.js
FN:3,(anonymous_0)
FN:7,(anonymous_1)
FNF:2
FNH:2
FNDA:5,(anonymous_0)
FNDA:7,(anonymous_1)
DA:1,2
DA:3,2
DA:4,5
DA:7,2
DA:8,7
DA:11,2
LF:6
LH:6
BRF:0
BRH:0
end_of_record
TN:
SF:helpers\email.js
FN:6,(anonymous_0)
FNF:1
FNH:1
FNDA:2,(anonymous_0)
DA:2,2
DA:4,2
DA:6,2
DA:7,2
DA:8,2
DA:25,2
DA:26,0
DA:27,0
DA:30,2
DA:31,2
DA:33,0
DA:37,2
LF:12
LH:9
BRDA:25,0,0,0
BRDA:25,0,1,2
BRF:2
BRH:1
end_of_record
TN:
SF:helpers\jwt.js
FN:4,(anonymous_0)
FN:8,(anonymous_1)
FNF:2
FNH:2
FNDA:7,(anonymous_0)
FNDA:19,(anonymous_1)
DA:1,2
DA:2,2
DA:4,2
DA:5,7
DA:8,2
DA:9,19
DA:12,2
LF:7
LH:7
BRF:0
BRH:0
end_of_record
TN:
SF:middlewares\authentication.js
FN:4,(anonymous_0)
FNF:1
FNH:1
FNDA:26,(anonymous_0)
DA:1,2
DA:2,2
DA:4,2
DA:5,26
DA:7,26
DA:8,7
DA:12,19
DA:13,19
DA:14,0
DA:18,19
DA:21,19
DA:22,19
DA:23,0
DA:27,19
DA:33,19
DA:35,7
DA:39,2
LF:17
LH:15
BRDA:7,0,0,7
BRDA:7,0,1,19
BRDA:13,1,0,0
BRDA:13,1,1,19
BRDA:22,2,0,0
BRDA:22,2,1,19
BRF:6
BRH:4
end_of_record
TN:
SF:middlewares\errorHandler.js
FN:1,(anonymous_0)
FNF:1
FNH:1
FNDA:10,(anonymous_0)
DA:1,3
DA:2,10
DA:4,10
DA:5,10
DA:7,10
DA:11,1
DA:12,1
DA:13,9
DA:14,1
DA:15,1
DA:16,8
DA:17,1
DA:18,1
DA:19,7
DA:20,1
DA:21,1
DA:22,6
DA:23,1
DA:24,1
DA:25,5
DA:26,1
DA:27,1
DA:28,4
DA:29,1
DA:30,1
DA:31,3
DA:32,1
DA:33,1
DA:34,2
DA:38,1
DA:39,1
DA:42,10
DA:45,3
LF:33
LH:33
BRDA:7,0,0,1
BRDA:7,0,1,9
BRDA:8,1,0,10
BRDA:8,1,1,9
BRDA:13,2,0,1
BRDA:13,2,1,8
BRDA:16,3,0,1
BRDA:16,3,1,7
BRDA:19,4,0,1
BRDA:19,4,1,6
BRDA:19,5,0,7
BRDA:19,5,1,6
BRDA:22,6,0,1
BRDA:22,6,1,5
BRDA:25,7,0,1
BRDA:25,7,1,4
BRDA:25,8,0,5
BRDA:25,8,1,4
BRDA:27,9,0,1
BRDA:27,9,1,0
BRDA:28,10,0,1
BRDA:28,10,1,3
BRDA:31,11,0,1
BRDA:31,11,1,2
BRDA:33,12,0,1
BRDA:33,12,1,1
BRDA:34,13,0,1
BRDA:34,13,1,1
BRDA:35,14,0,2
BRDA:35,14,1,1
BRDA:39,15,0,1
BRDA:39,15,1,0
BRF:32
BRH:30
end_of_record
TN:
SF:models\index.js
FN:21,(anonymous_0)
FN:29,(anonymous_1)
FN:34,(anonymous_2)
FNF:3
FNH:3
FNDA:6,(anonymous_0)
FNDA:4,(anonymous_1)
FNDA:4,(anonymous_2)
DA:3,2
DA:4,2
DA:5,2
DA:6,2
DA:7,2
DA:8,2
DA:9,2
DA:10,2
DA:13,2
DA:14,0
DA:16,2
DA:19,2
DA:22,6
DA:30,4
DA:31,4
DA:34,2
DA:35,4
DA:36,4
DA:40,2
DA:41,2
DA:43,2
LF:21
LH:20
BRDA:8,0,0,2
BRDA:8,0,1,0
BRDA:13,1,0,0
BRDA:13,1,1,2
BRDA:23,2,0,6
BRDA:23,2,1,6
BRDA:23,2,2,4
BRDA:23,2,3,4
BRDA:35,3,0,4
BRDA:35,3,1,0
BRF:10
BRH:7
end_of_record
TN:
SF:models\recipe.js
FN:3,(anonymous_0)
FN:10,(anonymous_1)
FNF:2
FNH:2
FNDA:2,(anonymous_0)
FNDA:2,(anonymous_1)
DA:2,2
DA:3,2
DA:12,2
DA:15,2
DA:33,2
LF:5
LH:5
BRF:0
BRH:0
end_of_record
TN:
SF:models\user.js
FN:4,(anonymous_0)
FN:11,(anonymous_1)
FN:48,(anonymous_2)
FNF:3
FNH:3
FNDA:2,(anonymous_0)
FNDA:2,(anonymous_1)
FNDA:3,(anonymous_2)
DA:2,2
DA:3,2
DA:4,2
DA:14,2
DA:17,2
DA:48,2
DA:49,3
DA:52,2
LF:8
LH:8
BRF:0
BRH:0
end_of_record
TN:
SF:routes\index.js
FNF:0
FNH:0
DA:1,2
DA:2,2
DA:3,2
DA:4,2
DA:5,2
DA:6,2
DA:8,2
DA:9,2
DA:10,2
DA:12,2
DA:14,2
DA:15,2
DA:17,2
DA:18,2
DA:19,2
DA:20,2
DA:22,2
DA:23,2
DA:24,2
DA:25,2
DA:27,2
LF:21
LH:21
BRF:0
BRH:0
end_of_record
