TN:
SF:app.js
FN:18,(anonymous_0)
FNF:1
FNH:1
FNDA:6,(anonymous_0)
DA:1,2
DA:2,2
DA:5,2
DA:6,2
DA:7,2
DA:8,2
DA:9,2
DA:11,2
DA:12,2
DA:13,2
DA:15,2
DA:18,2
DA:19,6
DA:20,6
DA:21,6
DA:23,6
DA:27,2
DA:28,2
DA:29,4
DA:30,1
DA:31,1
DA:32,3
DA:33,2
DA:34,2
DA:37,6
DA:40,2
DA:42,2
LF:27
LH:27
BRDA:1,0,0,2
BRDA:1,0,1,0
BRDA:23,1,0,2
BRDA:23,1,1,4
BRDA:24,2,0,6
BRDA:24,2,1,5
BRDA:29,3,0,1
BRDA:29,3,1,3
BRDA:32,4,0,2
BRDA:32,4,1,1
BRF:10
BRH:9
end_of_record
TN:
SF:controllers\aiController.js
FN:5,(anonymous_0)
FN:30,(anonymous_1)
FN:75,(anonymous_2)
FN:78,(anonymous_3)
FN:82,(anonymous_4)
FNF:5
FNH:5
FNDA:1,(anonymous_0)
FNDA:1,(anonymous_1)
FNDA:1,(anonymous_2)
FNDA:1,(anonymous_3)
FNDA:1,(anonymous_4)
DA:1,2
DA:2,2
DA:6,1
DA:7,1
DA:8,1
DA:11,1
DA:12,1
DA:14,1
DA:21,1
DA:22,1
DA:27,1
DA:30,1
DA:32,1
DA:33,1
DA:34,1
DA:44,1
DA:45,1
DA:48,0
DA:52,1
DA:58,1
DA:59,1
DA:71,1
DA:72,1
DA:73,1
DA:75,1
DA:78,1
DA:82,1
DA:88,0
DA:92,1
DA:101,1
DA:103,1
DA:108,0
DA:109,0
DA:114,2
LF:34
LH:30
BRDA:8,0,0,0
BRDA:8,0,1,1
BRDA:44,1,0,1
BRDA:44,1,1,0
BRDA:72,2,0,1
BRDA:72,2,1,0
BRDA:82,3,0,1
BRDA:82,3,1,1
BRDA:84,4,0,1
BRDA:84,4,1,0
BRF:10
BRH:6
end_of_record
TN:
SF:controllers\recipeController.js
FN:5,(anonymous_0)
FN:53,(anonymous_1)
FN:60,(anonymous_2)
FN:83,(anonymous_3)
FN:110,(anonymous_4)
FNF:5
FNH:4
FNDA:1,(anonymous_0)
FNDA:1,(anonymous_1)
FNDA:1,(anonymous_2)
FNDA:1,(anonymous_3)
FNDA:0,(anonymous_4)
DA:1,2
DA:6,1
DA:18,1
DA:20,1
DA:21,0
DA:24,1
DA:43,1
DA:48,0
DA:54,1
DA:55,1
DA:60,1
DA:61,1
DA:62,1
DA:63,1
DA:64,1
DA:65,1
DA:69,1
DA:76,1
DA:78,0
DA:84,1
DA:85,1
DA:87,1
DA:88,1
DA:89,0
DA:92,1
DA:93,0
DA:99,1
DA:101,1
DA:105,0
DA:111,0
DA:112,0
DA:113,0
DA:115,0
DA:117,0
DA:118,0
DA:125,0
DA:126,0
DA:127,0
DA:128,0
DA:130,0
DA:131,0
DA:134,0
DA:140,0
DA:145,2
LF:44
LH:24
BRDA:20,0,0,0
BRDA:20,0,1,1
BRDA:28,1,0,1
BRDA:28,1,1,0
BRDA:31,2,0,1
BRDA:31,2,1,0
BRDA:88,3,0,0
BRDA:88,3,1,1
BRDA:92,4,0,0
BRDA:92,4,1,1
BRDA:115,5,0,0
BRDA:115,5,1,0
BRDA:117,6,0,0
BRDA:117,6,1,0
BRF:14
BRH:5
end_of_record
TN:
SF:controllers\userController.js
FN:8,(anonymous_0)
FN:24,(anonymous_1)
FN:53,(anonymous_2)
FN:101,(anonymous_3)
FN:141,(anonymous_4)
FN:166,(anonymous_5)
FN:189,(anonymous_6)
FN:221,(anonymous_7)
FNF:8
FNH:2
FNDA:3,(anonymous_0)
FNDA:4,(anonymous_1)
FNDA:0,(anonymous_2)
FNDA:0,(anonymous_3)
FNDA:0,(anonymous_4)
FNDA:0,(anonymous_5)
FNDA:0,(anonymous_6)
FNDA:0,(anonymous_7)
DA:1,2
DA:2,2
DA:3,2
DA:4,2
DA:5,2
DA:9,3
DA:10,3
DA:12,3
DA:14,1
DA:20,2
DA:25,4
DA:26,4
DA:29,4
DA:30,1
DA:33,3
DA:34,3
DA:35,1
DA:39,2
DA:40,2
DA:41,1
DA:45,1
DA:47,1
DA:49,3
DA:54,0
DA:56,0
DA:57,0
DA:58,0
DA:65,0
DA:66,0
DA:71,0
DA:73,0
DA:76,0
DA:78,0
DA:80,0
DA:89,0
DA:91,0
DA:97,0
DA:102,0
DA:103,0
DA:104,0
DA:107,0
DA:108,0
DA:114,0
DA:115,0
DA:122,0
DA:125,0
DA:132,0
DA:136,0
DA:142,0
DA:143,0
DA:144,0
DA:145,0
DA:146,0
DA:151,0
DA:152,0
DA:162,0
DA:167,0
DA:168,0
DA:169,0
DA:170,0
DA:174,0
DA:176,0
DA:178,0
DA:181,0
DA:183,0
DA:185,0
DA:190,0
DA:191,0
DA:192,0
DA:194,0
DA:195,0
DA:199,0
DA:200,0
DA:202,0
DA:203,0
DA:207,0
DA:209,0
DA:215,0
DA:217,0
DA:222,0
DA:223,0
DA:227,0
DA:228,0
DA:233,0
DA:235,0
DA:240,2
LF:86
LH:24
BRDA:29,0,0,1
BRDA:29,0,1,3
BRDA:29,1,0,4
BRDA:29,1,1,3
BRDA:34,2,0,1
BRDA:34,2,1,2
BRDA:40,3,0,1
BRDA:40,3,1,1
BRDA:57,4,0,0
BRDA:57,4,1,0
BRDA:78,5,0,0
BRDA:78,5,1,0
BRDA:107,6,0,0
BRDA:107,6,1,0
BRDA:114,7,0,0
BRDA:114,7,1,0
BRDA:145,8,0,0
BRDA:145,8,1,0
BRDA:169,9,0,0
BRDA:169,9,1,0
BRDA:194,10,0,0
BRDA:194,10,1,0
BRDA:199,11,0,0
BRDA:199,11,1,0
BRDA:202,12,0,0
BRDA:202,12,1,0
BRDA:227,13,0,0
BRDA:227,13,1,0
BRF:28
BRH:8
end_of_record
TN:
SF:helpers\bcrypt.js
FN:3,(anonymous_0)
FN:7,(anonymous_1)
FNF:2
FNH:2
FNDA:3,(anonymous_0)
FNDA:2,(anonymous_1)
DA:1,2
DA:3,2
DA:4,3
DA:7,2
DA:8,2
DA:11,2
LF:6
LH:6
BRF:0
BRH:0
end_of_record
TN:
SF:helpers\email.js
FN:6,(anonymous_0)
FNF:1
FNH:0
FNDA:0,(anonymous_0)
DA:2,2
DA:4,2
DA:6,2
DA:7,0
DA:8,0
DA:25,0
DA:26,0
DA:27,0
DA:30,0
DA:31,0
DA:33,0
DA:37,2
LF:12
LH:4
BRDA:25,0,0,0
BRDA:25,0,1,0
BRF:2
BRH:0
end_of_record
TN:
SF:helpers\jwt.js
FN:4,(anonymous_0)
FN:8,(anonymous_1)
FNF:2
FNH:2
FNDA:2,(anonymous_0)
FNDA:4,(anonymous_1)
DA:1,2
DA:2,2
DA:4,2
DA:5,2
DA:8,2
DA:9,4
DA:12,2
LF:7
LH:7
BRF:0
BRH:0
end_of_record
TN:
SF:middlewares\authentication.js
FN:4,(anonymous_0)
FNF:1
FNH:1
FNDA:5,(anonymous_0)
DA:1,2
DA:2,2
DA:4,2
DA:5,5
DA:7,5
DA:8,1
DA:12,4
DA:13,4
DA:14,0
DA:18,4
DA:21,4
DA:22,4
DA:23,0
DA:27,4
DA:33,4
DA:35,1
DA:39,2
LF:17
LH:15
BRDA:7,0,0,1
BRDA:7,0,1,4
BRDA:13,1,0,0
BRDA:13,1,1,4
BRDA:22,2,0,0
BRDA:22,2,1,4
BRF:6
BRH:4
end_of_record
TN:
SF:middlewares\errorHandler.js
FN:1,(anonymous_0)
FNF:1
FNH:0
FNDA:0,(anonymous_0)
DA:1,2
DA:2,0
DA:4,0
DA:5,0
DA:7,0
DA:11,0
DA:12,0
DA:13,0
DA:14,0
DA:15,0
DA:16,0
DA:17,0
DA:18,0
DA:19,0
DA:20,0
DA:21,0
DA:22,0
DA:23,0
DA:24,0
DA:25,0
DA:26,0
DA:27,0
DA:28,0
DA:29,0
DA:30,0
DA:31,0
DA:32,0
DA:33,0
DA:34,0
DA:38,0
DA:39,0
DA:42,0
DA:45,2
LF:33
LH:2
BRDA:7,0,0,0
BRDA:7,0,1,0
BRDA:8,1,0,0
BRDA:8,1,1,0
BRDA:13,2,0,0
BRDA:13,2,1,0
BRDA:16,3,0,0
BRDA:16,3,1,0
BRDA:19,4,0,0
BRDA:19,4,1,0
BRDA:19,5,0,0
BRDA:19,5,1,0
BRDA:22,6,0,0
BRDA:22,6,1,0
BRDA:25,7,0,0
BRDA:25,7,1,0
BRDA:25,8,0,0
BRDA:25,8,1,0
BRDA:27,9,0,0
BRDA:27,9,1,0
BRDA:28,10,0,0
BRDA:28,10,1,0
BRDA:31,11,0,0
BRDA:31,11,1,0
BRDA:33,12,0,0
BRDA:33,12,1,0
BRDA:34,13,0,0
BRDA:34,13,1,0
BRDA:35,14,0,0
BRDA:35,14,1,0
BRDA:39,15,0,0
BRDA:39,15,1,0
BRF:32
BRH:0
end_of_record
TN:
SF:models\index.js
FN:21,(anonymous_0)
FN:29,(anonymous_1)
FN:34,(anonymous_2)
FNF:3
FNH:3
FNDA:6,(anonymous_0)
FNDA:4,(anonymous_1)
FNDA:4,(anonymous_2)
DA:3,2
DA:4,2
DA:5,2
DA:6,2
DA:7,2
DA:8,2
DA:9,2
DA:10,2
DA:13,2
DA:14,0
DA:16,2
DA:19,2
DA:22,6
DA:30,4
DA:31,4
DA:34,2
DA:35,4
DA:36,4
DA:40,2
DA:41,2
DA:43,2
LF:21
LH:20
BRDA:8,0,0,2
BRDA:8,0,1,0
BRDA:13,1,0,0
BRDA:13,1,1,2
BRDA:23,2,0,6
BRDA:23,2,1,6
BRDA:23,2,2,4
BRDA:23,2,3,4
BRDA:35,3,0,4
BRDA:35,3,1,0
BRF:10
BRH:7
end_of_record
TN:
SF:models\recipe.js
FN:3,(anonymous_0)
FN:10,(anonymous_1)
FNF:2
FNH:2
FNDA:2,(anonymous_0)
FNDA:2,(anonymous_1)
DA:2,2
DA:3,2
DA:12,2
DA:15,2
DA:33,2
LF:5
LH:5
BRF:0
BRH:0
end_of_record
TN:
SF:models\user.js
FN:4,(anonymous_0)
FN:11,(anonymous_1)
FN:48,(anonymous_2)
FNF:3
FNH:3
FNDA:2,(anonymous_0)
FNDA:2,(anonymous_1)
FNDA:3,(anonymous_2)
DA:2,2
DA:3,2
DA:4,2
DA:14,2
DA:17,2
DA:48,2
DA:49,3
DA:52,2
LF:8
LH:8
BRF:0
BRH:0
end_of_record
TN:
SF:routes\index.js
FNF:0
FNH:0
DA:1,2
DA:2,2
DA:3,2
DA:4,2
DA:5,2
DA:6,2
DA:8,2
DA:9,2
DA:10,2
DA:12,2
DA:14,2
DA:15,2
DA:17,2
DA:18,2
DA:19,2
DA:20,2
DA:22,2
DA:23,2
DA:24,2
DA:25,2
DA:27,2
LF:21
LH:21
BRF:0
BRH:0
end_of_record
